Removed Pin From Net: NetName=CAN_Tx Pin=J3-1
Removed Pin From Net: NetName=GPIO5 Pin=J3-2
Removed Pin From Net: NetName=CAN_Rx Pin=J4-1
Removed Pin From Net: NetName=GPIO4 Pin=J4-2
Removed Pin From Net: NetName=CAN_H Pin=J5-1
Removed Pin From Net: NetName=OLED_SDA Pin=J6-1
Removed Pin From Net: NetName=GPIO21 Pin=J6-2
Removed Pin From Net: NetName=OLED_SCL Pin=J7-1
Removed Pin From Net: NetName=GPIO22 Pin=J7-2
Removed Member From Class: ClassName=Main Member=J3
Removed Member From Class: ClassName=Main Member=J4
Removed Member From Class: ClassName=Main Member=J5
Removed Member From Class: ClassName=Main Member=J6
Removed Member From Class: ClassName=Main Member=J7
Change Component Comment : Designator=D1 Old Comment=led New Comment=color?
Change Component Comment : Designator=D2 Old Comment=led New Comment=color?
Added Component: Designator=SW_CAN(SW DIP-3P)
Add component (AddParameter): Name = "BOM名称"; Value = "3路编码开关"; VariantName = "[No Variations]"
Add component (AddParameter): Name = "联系卖家，免费查找封装"; Value = "唯一出售店铺网址https://shop463601444.taobao.com"; VariantName = "[No Variations]"
Added Component: Designator=SW_OLED(SW1.27 SMD-2P)
Add component (AddParameter): Name = "BOM名称"; Value = "2路编码开关"; VariantName = "[No Variations]"
Add component (AddParameter): Name = "联系卖家，免费查找封装"; Value = "唯一出售店铺网址https://shop463601444.taobao.com"; VariantName = "[No Variations]"
Added Pin To Net: NetName=CAN_Tx Pin=SW_CAN-1
Added Pin To Net: NetName=CAN_Rx Pin=SW_CAN-2
Added Pin To Net: NetName=CAN_H Pin=SW_CAN-3
Added Pin To Net: NetName=GPIO4 Pin=SW_CAN-5
Added Pin To Net: NetName=GPIO5 Pin=SW_CAN-6
Added Pin To Net: NetName=OLED_SDA Pin=SW_OLED-1
Added Pin To Net: NetName=OLED_SCL Pin=SW_OLED-2
Added Pin To Net: NetName=GPIO22 Pin=SW_OLED-3
Added Pin To Net: NetName=GPIO21 Pin=SW_OLED-4
Added Pin To Net: NetName=NetR15_1 Pin=R15-1
Added Pin To Net: NetName=NetR15_1 Pin=SW_CAN-4
Added Net: Name=NetR15_1
Added Member To Class: ClassName=Main Member=Component SW_CAN SW-3P
Added Member To Class: ClassName=Main Member=Component SW_OLED SW-2P
